<?xml version="1.0" encoding="UTF-8"?>
<!-- Generated by org.testng.reporters.JUnitReportReporter -->
<testsuite hostname="DESKTOP-C3Q6L2B" failures="0" tests="1" name="demosone.mavensecondproject.Demo" time="0.034" errors="0" timestamp="2022-03-07T17:54:46 IST" skipped="0">
  <testcase classname="demosone.mavensecondproject.Demo" name="hellow" time="0.034"/>
  <system-out/>
</testsuite> <!-- demosone.mavensecondproject.Demo -->
